<?xml version="1.0" encoding="UTF-8"?>
<testsuite xmlns:xsi="http://www.w3.org/2001/XMLSchema-instance" xsi:noNamespaceSchemaLocation="https://maven.apache.org/surefire/maven-surefire-plugin/xsd/surefire-test-report.xsd" name="com.softserveinc.edu.oms.persistence.dao.CustomerTypeDaoTest" time="0.286" tests="11" errors="0" skipped="0" failures="0">
  <properties>
[...]
</properties>
  <testcase name="testFindAll" classname="com.softserveinc.edu.oms.persistence.dao.CustomerTypeDaoTest" time="0.038"/>
  <testcase name="testGetSilverTypeDiscount" classname="com.softserveinc.edu.oms.persistence.dao.CustomerTypeDaoTest" time="0.036"/>
  <testcase name="testGetGoldTypeDiscount" classname="com.softserveinc.edu.oms.persistence.dao.CustomerTypeDaoTest" time="0.023"/>
  <testcase name="testFindByID" classname="com.softserveinc.edu.oms.persistence.dao.CustomerTypeDaoTest" time="0.027"/>
  <testcase name="testGetPlatinumTypeDiscount" classname="com.softserveinc.edu.oms.persistence.dao.CustomerTypeDaoTest" time="0.024"/>
  <testcase name="testInsertOrUpdate" classname="com.softserveinc.edu.oms.persistence.dao.CustomerTypeDaoTest" time="0.022"/>
  <testcase name="testGetStandartTypeDiscount" classname="com.softserveinc.edu.oms.persistence.dao.CustomerTypeDaoTest" time="0.022"/>
  <testcase name="testDelete" classname="com.softserveinc.edu.oms.persistence.dao.CustomerTypeDaoTest" time="0.033"/>
  <testcase name="testFindByCriterions" classname="com.softserveinc.edu.oms.persistence.dao.CustomerTypeDaoTest" time="0.018"/>
  <testcase name="testFindByOneOfCriterions" classname="com.softserveinc.edu.oms.persistence.dao.CustomerTypeDaoTest" time="0.025"/>
  <testcase name="testContextFile" classname="com.softserveinc.edu.oms.persistence.dao.CustomerTypeDaoTest" time="0.016"/>
</testsuite>